<?xml version="1.0" encoding="UTF-8"?>
<!-- Generated by org.testng.reporters.JUnitXMLReporter -->
<testsuite ignored="2" hostname="PTMTVM15" failures="0" tests="1" name="Default test" time="34.402" errors="0" timestamp="2024-04-04T10:47:59 IST">
  <testcase classname="sampleTestNG.TestSuit.PIMmodule" name="EmployeeListTableDataStoring" time="9.241"/>
  <testcase classname="sampleTestNG.TestSuit.PIMmodule" name="EmployeeInfoSearch" time="0.0">
    <ignored/>
  </testcase> <!-- EmployeeInfoSearch -->
  <testcase classname="sampleTestNG.TestSuit.PIMmodule" name="AddNewEmployee" time="0.0">
    <ignored/>
  </testcase> <!-- AddNewEmployee -->
</testsuite> <!-- Default test -->
